  Boundary_Flux_Function.cpp
  Element.cpp
  Matrix.cpp
  Numerical_Flux_Function.cpp
  PostAI.cpp
C:\Users\KimMinSeok\source\repos\MS_FVM\MS_FVM\INC\PostAI.h(207,2): error C3861: 'num_data_': 식별자를 찾을 수 없습니다.
C:\Users\KimMinSeok\source\repos\MS_FVM\MS_FVM\INC\PostAI.h(207,2): message : 이 진단은 컴파일러 생성 함수 'void PostAI::record_solution_datas(const std::vector<Euclidean_Vector<dim>,std::allocator<Euclidean_Vector<dim>>> &,const std::vector<Dynamic_Matrix_,std::allocator<Dynamic_Matrix_>> &)'에서 수행되었습니다.
C:\Users\KimMinSeok\source\repos\MS_FVM\MS_FVM\INC\PostAI.h(208,2): error C2065: 'num_data_': 선언되지 않은 식별자입니다.
C:\Users\KimMinSeok\source\repos\MS_FVM\MS_FVM\INC\PostAI.h(208,2): message : 이 진단은 컴파일러 생성 함수 'void PostAI::record_solution_datas(const std::vector<Euclidean_Vector<dim>,std::allocator<Euclidean_Vector<dim>>> &,const std::vector<Dynamic_Matrix_,std::allocator<Dynamic_Matrix_>> &)'에서 수행되었습니다.
C:\Users\KimMinSeok\source\repos\MS_FVM\MS_FVM\INC\PostAI.h(208,2): error C3861: 'num_data_': 식별자를 찾을 수 없습니다.
C:\Users\KimMinSeok\source\repos\MS_FVM\MS_FVM\INC\PostAI.h(208,2): message : 이 진단은 컴파일러 생성 함수 'void PostAI::record_solution_datas(const std::vector<Euclidean_Vector<dim>,std::allocator<Euclidean_Vector<dim>>> &,const std::vector<Dynamic_Matrix_,std::allocator<Dynamic_Matrix_>> &)'에서 수행되었습니다.
C:\Users\KimMinSeok\source\repos\MS_FVM\MS_FVM\INC\PostAI.h(215,25): error C2065: 'num_data_': 선언되지 않은 식별자입니다.
C:\Users\KimMinSeok\source\repos\MS_FVM\MS_FVM\INC\PostAI.h(215,25): message : 이 진단은 컴파일러 생성 함수 'void PostAI::record_solution_datas(const std::vector<Euclidean_Vector<dim>,std::allocator<Euclidean_Vector<dim>>> &,const std::vector<Dynamic_Matrix_,std::allocator<Dynamic_Matrix_>> &)'에서 수행되었습니다.
C:\Users\KimMinSeok\source\repos\MS_FVM\MS_FVM\INC\PostAI.h(215,25): error C3861: 'num_data_': 식별자를 찾을 수 없습니다.
C:\Users\KimMinSeok\source\repos\MS_FVM\MS_FVM\INC\PostAI.h(215,25): message : 이 진단은 컴파일러 생성 함수 'void PostAI::record_solution_datas(const std::vector<Euclidean_Vector<dim>,std::allocator<Euclidean_Vector<dim>>> &,const std::vector<Dynamic_Matrix_,std::allocator<Dynamic_Matrix_>> &)'에서 수행되었습니다.
C:\Users\KimMinSeok\source\repos\MS_FVM\MS_FVM\INC\PostAI.h(216,43): error C3861: 'vertex_share_cell_indexes_set_': 식별자를 찾을 수 없습니다.
C:\Users\KimMinSeok\source\repos\MS_FVM\MS_FVM\INC\PostAI.h(216,43): message : 이 진단은 컴파일러 생성 함수 'void PostAI::record_solution_datas(const std::vector<Euclidean_Vector<dim>,std::allocator<Euclidean_Vector<dim>>> &,const std::vector<Dynamic_Matrix_,std::allocator<Dynamic_Matrix_>> &)'에서 수행되었습니다.
C:\Users\KimMinSeok\source\repos\MS_FVM\MS_FVM\INC\PostAI.h(231,3): error C3861: 'target_cell_indexes_': 식별자를 찾을 수 없습니다.
C:\Users\KimMinSeok\source\repos\MS_FVM\MS_FVM\INC\PostAI.h(231,3): message : 이 진단은 컴파일러 생성 함수 'void PostAI::record_solution_datas(const std::vector<Euclidean_Vector<dim>,std::allocator<Euclidean_Vector<dim>>> &,const std::vector<Dynamic_Matrix_,std::allocator<Dynamic_Matrix_>> &)'에서 수행되었습니다.
C:\Users\KimMinSeok\source\repos\MS_FVM\MS_FVM\INC\PostAI.h(242,3): error C2065: 'ai_data_text_set_': 선언되지 않은 식별자입니다.
C:\Users\KimMinSeok\source\repos\MS_FVM\MS_FVM\INC\PostAI.h(242,3): message : 이 진단은 컴파일러 생성 함수 'void PostAI::record_solution_datas(const std::vector<Euclidean_Vector<dim>,std::allocator<Euclidean_Vector<dim>>> &,const std::vector<Dynamic_Matrix_,std::allocator<Dynamic_Matrix_>> &)'에서 수행되었습니다.
C:\Users\KimMinSeok\source\repos\MS_FVM\MS_FVM\INC\PostAI.h(242,3): error C3861: 'ai_data_text_set_': 식별자를 찾을 수 없습니다.
C:\Users\KimMinSeok\source\repos\MS_FVM\MS_FVM\INC\PostAI.h(242,3): message : 이 진단은 컴파일러 생성 함수 'void PostAI::record_solution_datas(const std::vector<Euclidean_Vector<dim>,std::allocator<Euclidean_Vector<dim>>> &,const std::vector<Dynamic_Matrix_,std::allocator<Dynamic_Matrix_>> &)'에서 수행되었습니다.
C:\Users\KimMinSeok\source\repos\MS_FVM\MS_FVM\INC\PostAI.h(252,16): error C2065: 'target_cell_indexes_': 선언되지 않은 식별자입니다.
C:\Users\KimMinSeok\source\repos\MS_FVM\MS_FVM\INC\PostAI.h(252,16): message : 이 진단은 컴파일러 생성 함수 'void PostAI::record_limiting_value(const size_t,const std::array<double,dim> &)'에서 수행되었습니다.
C:\Users\KimMinSeok\source\repos\MS_FVM\MS_FVM\INC\PostAI.h(252,16): error C3861: 'target_cell_indexes_': 식별자를 찾을 수 없습니다.
C:\Users\KimMinSeok\source\repos\MS_FVM\MS_FVM\INC\PostAI.h(252,16): message : 이 진단은 컴파일러 생성 함수 'void PostAI::record_limiting_value(const size_t,const std::array<double,dim> &)'에서 수행되었습니다.
C:\Users\KimMinSeok\source\repos\MS_FVM\MS_FVM\INC\PostAI.h(252,46): error C3861: 'target_cell_indexes_': 식별자를 찾을 수 없습니다.
C:\Users\KimMinSeok\source\repos\MS_FVM\MS_FVM\INC\PostAI.h(252,46): message : 이 진단은 컴파일러 생성 함수 'void PostAI::record_limiting_value(const size_t,const std::array<double,dim> &)'에서 수행되었습니다.
C:\Users\KimMinSeok\source\repos\MS_FVM\MS_FVM\INC\PostAI.h(252,84): error C3861: 'target_cell_indexes_': 식별자를 찾을 수 없습니다.
C:\Users\KimMinSeok\source\repos\MS_FVM\MS_FVM\INC\PostAI.h(252,84): message : 이 진단은 컴파일러 생성 함수 'void PostAI::record_limiting_value(const size_t,const std::array<double,dim> &)'에서 수행되었습니다.
C:\Users\KimMinSeok\source\repos\MS_FVM\MS_FVM\INC\PostAI.h(261,2): error C2065: 'ai_data_text_set_': 선언되지 않은 식별자입니다.
C:\Users\KimMinSeok\source\repos\MS_FVM\MS_FVM\INC\PostAI.h(261,2): message : 이 진단은 컴파일러 생성 함수 'void PostAI::record_limiting_value(const size_t,const std::array<double,dim> &)'에서 수행되었습니다.
C:\Users\KimMinSeok\source\repos\MS_FVM\MS_FVM\INC\PostAI.h(261,2): error C3861: 'ai_data_text_set_': 식별자를 찾을 수 없습니다.
C:\Users\KimMinSeok\source\repos\MS_FVM\MS_FVM\INC\PostAI.h(261,2): message : 이 진단은 컴파일러 생성 함수 'void PostAI::record_limiting_value(const size_t,const std::array<double,dim> &)'에서 수행되었습니다.
C:\Users\KimMinSeok\source\repos\MS_FVM\MS_FVM\SRC\PostAI.cpp(6,2): error C2065: 'path_': 선언되지 않은 식별자입니다.
C:\Users\KimMinSeok\source\repos\MS_FVM\MS_FVM\SRC\PostAI.cpp(18,19): error C2065: 'path_': 선언되지 않은 식별자입니다.
C:\Users\KimMinSeok\source\repos\MS_FVM\MS_FVM\SRC\PostAI.cpp(21,38): error C2065: 'target_cell_indexes_': 선언되지 않은 식별자입니다.
C:\Users\KimMinSeok\source\repos\MS_FVM\MS_FVM\SRC\PostAI.cpp(21,38): error C2672: 'begin': 일치하는 오버로드된 함수가 없습니다.
C:\Users\KimMinSeok\source\repos\MS_FVM\MS_FVM\SRC\PostAI.cpp(21,60): error C2893: 함수 템플릿 'unknown-type std::begin(_Container &)'을(를) 특수화하지 못했습니다.
C:\Program Files (x86)\Microsoft Visual Studio\2019\Community\VC\Tools\MSVC\14.28.29910\include\xutility(2170): message : 'std::begin' 선언을 참조하십시오.
C:\Users\KimMinSeok\source\repos\MS_FVM\MS_FVM\SRC\PostAI.cpp(21,60): message : 다음 템플릿 인수 사용:
C:\Users\KimMinSeok\source\repos\MS_FVM\MS_FVM\SRC\PostAI.cpp(21,60): message : '_Container=unknown-type'
C:\Users\KimMinSeok\source\repos\MS_FVM\MS_FVM\SRC\PostAI.cpp(21,60): error C2784: 'const _Elem *std::begin(std::initializer_list<_Elem>) noexcept': 'std::initializer_list<_Elem>'의 템플릿 인수를 'unknown-type'에서 추론할 수 없습니다.
C:\Program Files (x86)\Microsoft Visual Studio\2019\Community\VC\Tools\MSVC\14.28.29910\include\initializer_list(57): message : 'std::begin' 선언을 참조하십시오.
C:\Users\KimMinSeok\source\repos\MS_FVM\MS_FVM\SRC\PostAI.cpp(21,38): error C2672: 'end': 일치하는 오버로드된 함수가 없습니다.
C:\Users\KimMinSeok\source\repos\MS_FVM\MS_FVM\SRC\PostAI.cpp(21,60): error C2893: 함수 템플릿 'unknown-type std::end(_Container &)'을(를) 특수화하지 못했습니다.
C:\Program Files (x86)\Microsoft Visual Studio\2019\Community\VC\Tools\MSVC\14.28.29910\include\xutility(2180): message : 'std::end' 선언을 참조하십시오.
C:\Users\KimMinSeok\source\repos\MS_FVM\MS_FVM\SRC\PostAI.cpp(21,60): message : 다음 템플릿 인수 사용:
C:\Users\KimMinSeok\source\repos\MS_FVM\MS_FVM\SRC\PostAI.cpp(21,60): message : '_Container=unknown-type'
C:\Users\KimMinSeok\source\repos\MS_FVM\MS_FVM\SRC\PostAI.cpp(21,60): error C2784: 'const _Elem *std::end(std::initializer_list<_Elem>) noexcept': 'std::initializer_list<_Elem>'의 템플릿 인수를 'unknown-type'에서 추론할 수 없습니다.
C:\Program Files (x86)\Microsoft Visual Studio\2019\Community\VC\Tools\MSVC\14.28.29910\include\initializer_list(63): message : 'std::end' 선언을 참조하십시오.
C:\Users\KimMinSeok\source\repos\MS_FVM\MS_FVM\SRC\PostAI.cpp(21,60): error C3536: '<begin>$L0': 초기화되기 전에 사용할 수 없습니다.
C:\Users\KimMinSeok\source\repos\MS_FVM\MS_FVM\SRC\PostAI.cpp(21,60): error C3536: '<end>$L0': 초기화되기 전에 사용할 수 없습니다.
C:\Users\KimMinSeok\source\repos\MS_FVM\MS_FVM\SRC\PostAI.cpp(21,58): error C2100: 간접 참조가 잘못되었습니다.
C:\Users\KimMinSeok\source\repos\MS_FVM\MS_FVM\SRC\PostAI.cpp(22,21): error C2065: 'ai_data_text_set_': 선언되지 않은 식별자입니다.
C:\Users\KimMinSeok\source\repos\MS_FVM\MS_FVM\SRC\PostAI.cpp(22,19): error C2530: 'data_text': 참조를 초기화해야 합니다.
C:\Users\KimMinSeok\source\repos\MS_FVM\MS_FVM\SRC\PostAI.cpp(24,12): error C3536: 'data_text': 초기화되기 전에 사용할 수 없습니다.
C:\Users\KimMinSeok\source\repos\MS_FVM\MS_FVM\SRC\PostAI.cpp(26,32): error C3536: 'file_path': 초기화되기 전에 사용할 수 없습니다.
C:\Users\KimMinSeok\source\repos\MS_FVM\MS_FVM\SRC\PostAI.cpp(33,16): error C2065: 'path_': 선언되지 않은 식별자입니다.
C:\Users\KimMinSeok\source\repos\MS_FVM\MS_FVM\SRC\PostAI.cpp(37,2): error C2065: 'target_cell_indexes_': 선언되지 않은 식별자입니다.
  코드를 생성하고 있습니다...
